ARM GAS  /tmp/ccC2Spay.s 			page 1


   1              		.cpu cortex-m4
   2              		.eabi_attribute 27, 1
   3              		.eabi_attribute 28, 1
   4              		.eabi_attribute 20, 1
   5              		.eabi_attribute 21, 1
   6              		.eabi_attribute 23, 3
   7              		.eabi_attribute 24, 1
   8              		.eabi_attribute 25, 1
   9              		.eabi_attribute 26, 1
  10              		.eabi_attribute 30, 1
  11              		.eabi_attribute 34, 1
  12              		.eabi_attribute 18, 4
  13              		.file	"main.c"
  14              		.text
  15              	.Ltext0:
  16              		.cfi_sections	.debug_frame
  17              		.section	.text.MX_GPIO_Init,"ax",%progbits
  18              		.align	1
  19              		.arch armv7e-m
  20              		.syntax unified
  21              		.thumb
  22              		.thumb_func
  23              		.fpu fpv4-sp-d16
  25              	MX_GPIO_Init:
  26              	.LFB134:
  27              		.file 1 "Core/Src/main.c"
   1:Core/Src/main.c **** /* USER CODE BEGIN Header */
   2:Core/Src/main.c **** /**
   3:Core/Src/main.c ****   ******************************************************************************
   4:Core/Src/main.c ****   * @file           : main.c
   5:Core/Src/main.c ****   * @brief          : Main program body
   6:Core/Src/main.c ****   ******************************************************************************
   7:Core/Src/main.c ****   * @attention
   8:Core/Src/main.c ****   *
   9:Core/Src/main.c ****   * Copyright (c) 2023 STMicroelectronics.
  10:Core/Src/main.c ****   * All rights reserved.
  11:Core/Src/main.c ****   *
  12:Core/Src/main.c ****   * This software is licensed under terms that can be found in the LICENSE file
  13:Core/Src/main.c ****   * in the root directory of this software component.
  14:Core/Src/main.c ****   * If no LICENSE file comes with this software, it is provided AS-IS.
  15:Core/Src/main.c ****   *
  16:Core/Src/main.c ****   ******************************************************************************
  17:Core/Src/main.c ****   */
  18:Core/Src/main.c **** /* USER CODE END Header */
  19:Core/Src/main.c **** /* Includes ------------------------------------------------------------------*/
  20:Core/Src/main.c **** #include "main.h"
  21:Core/Src/main.c **** 
  22:Core/Src/main.c **** 
  23:Core/Src/main.c **** void SystemClock_Config(void);
  24:Core/Src/main.c **** static void MX_GPIO_Init(void);
  25:Core/Src/main.c **** uint8_t g_status = 0;
  26:Core/Src/main.c **** uint8_t g_current_state = 0;
  27:Core/Src/main.c **** uint8_t g_count = 0;
  28:Core/Src/main.c **** uint16_t g_debounce_count = 100;
  29:Core/Src/main.c **** int main(void) {
  30:Core/Src/main.c **** 
  31:Core/Src/main.c ****   HAL_Init();
ARM GAS  /tmp/ccC2Spay.s 			page 2


  32:Core/Src/main.c ****   SystemClock_Config();
  33:Core/Src/main.c ****   MX_GPIO_Init();
  34:Core/Src/main.c **** 
  35:Core/Src/main.c ****   while (1)
  36:Core/Src/main.c ****   {
  37:Core/Src/main.c ****     /* USER CODE END WHILE */
  38:Core/Src/main.c ****     g_status =  HAL_GPIO_ReadPin( GPIOC, GPIO_PIN_13 );
  39:Core/Src/main.c ****     if ( g_status == g_current_state && g_count > 0 ){
  40:Core/Src/main.c ****         g_count--;
  41:Core/Src/main.c ****     } else if ( g_status != g_current_state ){
  42:Core/Src/main.c ****         g_count++;
  43:Core/Src/main.c **** 
  44:Core/Src/main.c ****     } 
  45:Core/Src/main.c ****     if ( g_count >= g_debounce_count ){
  46:Core/Src/main.c ****          g_count = 0;
  47:Core/Src/main.c ****          g_current_state = g_status;
  48:Core/Src/main.c ****          HAL_GPIO_WritePin( GPIOA, GPIO_PIN_5 , 1 );
  49:Core/Src/main.c ****          HAL_Delay( 2000 );
  50:Core/Src/main.c ****     }
  51:Core/Src/main.c ****     else{ 
  52:Core/Src/main.c ****       HAL_GPIO_WritePin( GPIOA, GPIO_PIN_5, 0 );
  53:Core/Src/main.c ****     }
  54:Core/Src/main.c **** 
  55:Core/Src/main.c ****     /* USER CODE BEGIN 3 */
  56:Core/Src/main.c ****   
  57:Core/Src/main.c ****   /* USER CODE END 3 */
  58:Core/Src/main.c ****  }
  59:Core/Src/main.c **** }
  60:Core/Src/main.c **** /**
  61:Core/Src/main.c ****   * @brief System Clock Configuration
  62:Core/Src/main.c ****   * @retval None
  63:Core/Src/main.c ****   */
  64:Core/Src/main.c **** void SystemClock_Config(void)
  65:Core/Src/main.c **** {
  66:Core/Src/main.c ****   RCC_OscInitTypeDef RCC_OscInitStruct = {0};
  67:Core/Src/main.c ****   RCC_ClkInitTypeDef RCC_ClkInitStruct = {0};
  68:Core/Src/main.c **** 
  69:Core/Src/main.c ****   /** Configure the main internal regulator output voltage
  70:Core/Src/main.c ****   */
  71:Core/Src/main.c ****   HAL_PWREx_ControlVoltageScaling(PWR_REGULATOR_VOLTAGE_SCALE1);
  72:Core/Src/main.c **** 
  73:Core/Src/main.c ****   /** Initializes the RCC Oscillators according to the specified parameters
  74:Core/Src/main.c ****   * in the RCC_OscInitTypeDef structure.
  75:Core/Src/main.c ****   */
  76:Core/Src/main.c ****   RCC_OscInitStruct.OscillatorType = RCC_OSCILLATORTYPE_HSI;
  77:Core/Src/main.c ****   RCC_OscInitStruct.HSIState = RCC_HSI_ON;
  78:Core/Src/main.c ****   RCC_OscInitStruct.HSICalibrationValue = RCC_HSICALIBRATION_DEFAULT;
  79:Core/Src/main.c ****   RCC_OscInitStruct.PLL.PLLState = RCC_PLL_ON;
  80:Core/Src/main.c ****   RCC_OscInitStruct.PLL.PLLSource = RCC_PLLSOURCE_HSI;
  81:Core/Src/main.c ****   RCC_OscInitStruct.PLL.PLLM = RCC_PLLM_DIV2;
  82:Core/Src/main.c ****   RCC_OscInitStruct.PLL.PLLN = 25;
  83:Core/Src/main.c ****   RCC_OscInitStruct.PLL.PLLP = RCC_PLLP_DIV2;
  84:Core/Src/main.c ****   RCC_OscInitStruct.PLL.PLLQ = RCC_PLLQ_DIV2;
  85:Core/Src/main.c ****   RCC_OscInitStruct.PLL.PLLR = RCC_PLLR_DIV2;
  86:Core/Src/main.c ****   if (HAL_RCC_OscConfig(&RCC_OscInitStruct) != HAL_OK)
  87:Core/Src/main.c ****   {
  88:Core/Src/main.c ****     Error_Handler();
ARM GAS  /tmp/ccC2Spay.s 			page 3


  89:Core/Src/main.c ****   }
  90:Core/Src/main.c **** 
  91:Core/Src/main.c ****   /** Initializes the CPU, AHB and APB buses clocks
  92:Core/Src/main.c ****   */
  93:Core/Src/main.c ****   RCC_ClkInitStruct.ClockType = RCC_CLOCKTYPE_HCLK|RCC_CLOCKTYPE_SYSCLK
  94:Core/Src/main.c ****                               |RCC_CLOCKTYPE_PCLK1|RCC_CLOCKTYPE_PCLK2;
  95:Core/Src/main.c ****   RCC_ClkInitStruct.SYSCLKSource = RCC_SYSCLKSOURCE_PLLCLK;
  96:Core/Src/main.c ****   RCC_ClkInitStruct.AHBCLKDivider = RCC_SYSCLK_DIV1;
  97:Core/Src/main.c ****   RCC_ClkInitStruct.APB1CLKDivider = RCC_HCLK_DIV1;
  98:Core/Src/main.c ****   RCC_ClkInitStruct.APB2CLKDivider = RCC_HCLK_DIV1;
  99:Core/Src/main.c **** 
 100:Core/Src/main.c ****   if (HAL_RCC_ClockConfig(&RCC_ClkInitStruct, FLASH_LATENCY_3) != HAL_OK)
 101:Core/Src/main.c ****   {
 102:Core/Src/main.c ****     Error_Handler();
 103:Core/Src/main.c ****   }
 104:Core/Src/main.c **** }
 105:Core/Src/main.c **** 
 106:Core/Src/main.c **** /**
 107:Core/Src/main.c ****   * @brief GPIO Initialization Function
 108:Core/Src/main.c ****   * @param None
 109:Core/Src/main.c ****   * @retval None
 110:Core/Src/main.c ****   */
 111:Core/Src/main.c **** static void MX_GPIO_Init(void)
 112:Core/Src/main.c **** {
  28              		.loc 1 112 1 view -0
  29              		.cfi_startproc
  30              		@ args = 0, pretend = 0, frame = 40
  31              		@ frame_needed = 0, uses_anonymous_args = 0
  32 0000 F0B5     		push	{r4, r5, r6, r7, lr}
  33              	.LCFI0:
  34              		.cfi_def_cfa_offset 20
  35              		.cfi_offset 4, -20
  36              		.cfi_offset 5, -16
  37              		.cfi_offset 6, -12
  38              		.cfi_offset 7, -8
  39              		.cfi_offset 14, -4
  40 0002 8BB0     		sub	sp, sp, #44
  41              	.LCFI1:
  42              		.cfi_def_cfa_offset 64
 113:Core/Src/main.c ****   GPIO_InitTypeDef GPIO_InitStruct = {0};
  43              		.loc 1 113 3 view .LVU1
  44              		.loc 1 113 20 is_stmt 0 view .LVU2
  45 0004 0024     		movs	r4, #0
  46 0006 0594     		str	r4, [sp, #20]
  47 0008 0694     		str	r4, [sp, #24]
  48 000a 0794     		str	r4, [sp, #28]
  49 000c 0894     		str	r4, [sp, #32]
  50 000e 0994     		str	r4, [sp, #36]
 114:Core/Src/main.c **** 
 115:Core/Src/main.c ****   /* GPIO Ports Clock Enable */
 116:Core/Src/main.c ****   __HAL_RCC_GPIOC_CLK_ENABLE();
  51              		.loc 1 116 3 is_stmt 1 view .LVU3
  52              	.LBB4:
  53              		.loc 1 116 3 view .LVU4
  54              		.loc 1 116 3 view .LVU5
  55 0010 354B     		ldr	r3, .L3
  56 0012 DA6C     		ldr	r2, [r3, #76]
ARM GAS  /tmp/ccC2Spay.s 			page 4


  57 0014 42F00402 		orr	r2, r2, #4
  58 0018 DA64     		str	r2, [r3, #76]
  59              		.loc 1 116 3 view .LVU6
  60 001a DA6C     		ldr	r2, [r3, #76]
  61 001c 02F00402 		and	r2, r2, #4
  62 0020 0192     		str	r2, [sp, #4]
  63              		.loc 1 116 3 view .LVU7
  64 0022 019A     		ldr	r2, [sp, #4]
  65              	.LBE4:
  66              		.loc 1 116 3 view .LVU8
 117:Core/Src/main.c ****   __HAL_RCC_GPIOF_CLK_ENABLE();
  67              		.loc 1 117 3 view .LVU9
  68              	.LBB5:
  69              		.loc 1 117 3 view .LVU10
  70              		.loc 1 117 3 view .LVU11
  71 0024 DA6C     		ldr	r2, [r3, #76]
  72 0026 42F02002 		orr	r2, r2, #32
  73 002a DA64     		str	r2, [r3, #76]
  74              		.loc 1 117 3 view .LVU12
  75 002c DA6C     		ldr	r2, [r3, #76]
  76 002e 02F02002 		and	r2, r2, #32
  77 0032 0292     		str	r2, [sp, #8]
  78              		.loc 1 117 3 view .LVU13
  79 0034 029A     		ldr	r2, [sp, #8]
  80              	.LBE5:
  81              		.loc 1 117 3 view .LVU14
 118:Core/Src/main.c ****   __HAL_RCC_GPIOA_CLK_ENABLE();
  82              		.loc 1 118 3 view .LVU15
  83              	.LBB6:
  84              		.loc 1 118 3 view .LVU16
  85              		.loc 1 118 3 view .LVU17
  86 0036 DA6C     		ldr	r2, [r3, #76]
  87 0038 42F00102 		orr	r2, r2, #1
  88 003c DA64     		str	r2, [r3, #76]
  89              		.loc 1 118 3 view .LVU18
  90 003e DA6C     		ldr	r2, [r3, #76]
  91 0040 02F00102 		and	r2, r2, #1
  92 0044 0392     		str	r2, [sp, #12]
  93              		.loc 1 118 3 view .LVU19
  94 0046 039A     		ldr	r2, [sp, #12]
  95              	.LBE6:
  96              		.loc 1 118 3 view .LVU20
 119:Core/Src/main.c ****   __HAL_RCC_GPIOB_CLK_ENABLE();
  97              		.loc 1 119 3 view .LVU21
  98              	.LBB7:
  99              		.loc 1 119 3 view .LVU22
 100              		.loc 1 119 3 view .LVU23
 101 0048 DA6C     		ldr	r2, [r3, #76]
 102 004a 42F00202 		orr	r2, r2, #2
 103 004e DA64     		str	r2, [r3, #76]
 104              		.loc 1 119 3 view .LVU24
 105 0050 DB6C     		ldr	r3, [r3, #76]
 106 0052 03F00203 		and	r3, r3, #2
 107 0056 0493     		str	r3, [sp, #16]
 108              		.loc 1 119 3 view .LVU25
 109 0058 049B     		ldr	r3, [sp, #16]
 110              	.LBE7:
ARM GAS  /tmp/ccC2Spay.s 			page 5


 111              		.loc 1 119 3 view .LVU26
 120:Core/Src/main.c **** 
 121:Core/Src/main.c ****   /*Configure GPIO pin Output Level */
 122:Core/Src/main.c ****   HAL_GPIO_WritePin(GPIOA, GPIO_PIN_5|GPIO_PIN_6|GPIO_PIN_7|GPIO_PIN_9, GPIO_PIN_RESET);
 112              		.loc 1 122 3 view .LVU27
 113 005a 2246     		mov	r2, r4
 114 005c 4FF43871 		mov	r1, #736
 115 0060 4FF09040 		mov	r0, #1207959552
 116 0064 FFF7FEFF 		bl	HAL_GPIO_WritePin
 117              	.LVL0:
 123:Core/Src/main.c **** 
 124:Core/Src/main.c ****   /*Configure GPIO pin Output Level */
 125:Core/Src/main.c ****   HAL_GPIO_WritePin(GPIOC, GPIO_PIN_7, GPIO_PIN_RESET);
 118              		.loc 1 125 3 view .LVU28
 119 0068 204F     		ldr	r7, .L3+4
 120 006a 2246     		mov	r2, r4
 121 006c 8021     		movs	r1, #128
 122 006e 3846     		mov	r0, r7
 123 0070 FFF7FEFF 		bl	HAL_GPIO_WritePin
 124              	.LVL1:
 126:Core/Src/main.c **** 
 127:Core/Src/main.c ****   /*Configure GPIO pin Output Level */
 128:Core/Src/main.c ****   HAL_GPIO_WritePin(GPIOB, GPIO_PIN_6, GPIO_PIN_RESET);
 125              		.loc 1 128 3 view .LVU29
 126 0074 1E4D     		ldr	r5, .L3+8
 127 0076 2246     		mov	r2, r4
 128 0078 4021     		movs	r1, #64
 129 007a 2846     		mov	r0, r5
 130 007c FFF7FEFF 		bl	HAL_GPIO_WritePin
 131              	.LVL2:
 129:Core/Src/main.c **** 
 130:Core/Src/main.c ****   /*Configure GPIO pin : PC13 */
 131:Core/Src/main.c ****   GPIO_InitStruct.Pin = GPIO_PIN_13;
 132              		.loc 1 131 3 view .LVU30
 133              		.loc 1 131 23 is_stmt 0 view .LVU31
 134 0080 4FF40053 		mov	r3, #8192
 135 0084 0593     		str	r3, [sp, #20]
 132:Core/Src/main.c ****   GPIO_InitStruct.Mode = GPIO_MODE_INPUT;
 136              		.loc 1 132 3 is_stmt 1 view .LVU32
 137              		.loc 1 132 24 is_stmt 0 view .LVU33
 138 0086 0694     		str	r4, [sp, #24]
 133:Core/Src/main.c ****   GPIO_InitStruct.Pull = GPIO_PULLDOWN;
 139              		.loc 1 133 3 is_stmt 1 view .LVU34
 140              		.loc 1 133 24 is_stmt 0 view .LVU35
 141 0088 0223     		movs	r3, #2
 142 008a 0793     		str	r3, [sp, #28]
 134:Core/Src/main.c ****   HAL_GPIO_Init(GPIOC, &GPIO_InitStruct);
 143              		.loc 1 134 3 is_stmt 1 view .LVU36
 144 008c 05A9     		add	r1, sp, #20
 145 008e 3846     		mov	r0, r7
 146 0090 FFF7FEFF 		bl	HAL_GPIO_Init
 147              	.LVL3:
 135:Core/Src/main.c **** 
 136:Core/Src/main.c ****   /*Configure GPIO pins : PA5 PA6 PA7 PA9 */
 137:Core/Src/main.c ****   GPIO_InitStruct.Pin = GPIO_PIN_5|GPIO_PIN_6|GPIO_PIN_7|GPIO_PIN_9;
 148              		.loc 1 137 3 view .LVU37
 149              		.loc 1 137 23 is_stmt 0 view .LVU38
ARM GAS  /tmp/ccC2Spay.s 			page 6


 150 0094 4FF43873 		mov	r3, #736
 151 0098 0593     		str	r3, [sp, #20]
 138:Core/Src/main.c ****   GPIO_InitStruct.Mode = GPIO_MODE_OUTPUT_PP;
 152              		.loc 1 138 3 is_stmt 1 view .LVU39
 153              		.loc 1 138 24 is_stmt 0 view .LVU40
 154 009a 0126     		movs	r6, #1
 155 009c 0696     		str	r6, [sp, #24]
 139:Core/Src/main.c ****   GPIO_InitStruct.Pull = GPIO_NOPULL;
 156              		.loc 1 139 3 is_stmt 1 view .LVU41
 157              		.loc 1 139 24 is_stmt 0 view .LVU42
 158 009e 0794     		str	r4, [sp, #28]
 140:Core/Src/main.c ****   GPIO_InitStruct.Speed = GPIO_SPEED_FREQ_LOW;
 159              		.loc 1 140 3 is_stmt 1 view .LVU43
 160              		.loc 1 140 25 is_stmt 0 view .LVU44
 161 00a0 0894     		str	r4, [sp, #32]
 141:Core/Src/main.c ****   HAL_GPIO_Init(GPIOA, &GPIO_InitStruct);
 162              		.loc 1 141 3 is_stmt 1 view .LVU45
 163 00a2 05A9     		add	r1, sp, #20
 164 00a4 4FF09040 		mov	r0, #1207959552
 165 00a8 FFF7FEFF 		bl	HAL_GPIO_Init
 166              	.LVL4:
 142:Core/Src/main.c **** 
 143:Core/Src/main.c ****   /*Configure GPIO pin : PB10 */
 144:Core/Src/main.c ****   GPIO_InitStruct.Pin = GPIO_PIN_10;
 167              		.loc 1 144 3 view .LVU46
 168              		.loc 1 144 23 is_stmt 0 view .LVU47
 169 00ac 4FF48063 		mov	r3, #1024
 170 00b0 0593     		str	r3, [sp, #20]
 145:Core/Src/main.c ****   GPIO_InitStruct.Mode = GPIO_MODE_INPUT;
 171              		.loc 1 145 3 is_stmt 1 view .LVU48
 172              		.loc 1 145 24 is_stmt 0 view .LVU49
 173 00b2 0694     		str	r4, [sp, #24]
 146:Core/Src/main.c ****   GPIO_InitStruct.Pull = GPIO_NOPULL;
 174              		.loc 1 146 3 is_stmt 1 view .LVU50
 175              		.loc 1 146 24 is_stmt 0 view .LVU51
 176 00b4 0794     		str	r4, [sp, #28]
 147:Core/Src/main.c ****   HAL_GPIO_Init(GPIOB, &GPIO_InitStruct);
 177              		.loc 1 147 3 is_stmt 1 view .LVU52
 178 00b6 05A9     		add	r1, sp, #20
 179 00b8 2846     		mov	r0, r5
 180 00ba FFF7FEFF 		bl	HAL_GPIO_Init
 181              	.LVL5:
 148:Core/Src/main.c **** 
 149:Core/Src/main.c ****   /*Configure GPIO pin : PC7 */
 150:Core/Src/main.c ****   GPIO_InitStruct.Pin = GPIO_PIN_7;
 182              		.loc 1 150 3 view .LVU53
 183              		.loc 1 150 23 is_stmt 0 view .LVU54
 184 00be 8023     		movs	r3, #128
 185 00c0 0593     		str	r3, [sp, #20]
 151:Core/Src/main.c ****   GPIO_InitStruct.Mode = GPIO_MODE_OUTPUT_PP;
 186              		.loc 1 151 3 is_stmt 1 view .LVU55
 187              		.loc 1 151 24 is_stmt 0 view .LVU56
 188 00c2 0696     		str	r6, [sp, #24]
 152:Core/Src/main.c ****   GPIO_InitStruct.Pull = GPIO_NOPULL;
 189              		.loc 1 152 3 is_stmt 1 view .LVU57
 190              		.loc 1 152 24 is_stmt 0 view .LVU58
 191 00c4 0794     		str	r4, [sp, #28]
ARM GAS  /tmp/ccC2Spay.s 			page 7


 153:Core/Src/main.c ****   GPIO_InitStruct.Speed = GPIO_SPEED_FREQ_LOW;
 192              		.loc 1 153 3 is_stmt 1 view .LVU59
 193              		.loc 1 153 25 is_stmt 0 view .LVU60
 194 00c6 0894     		str	r4, [sp, #32]
 154:Core/Src/main.c ****   HAL_GPIO_Init(GPIOC, &GPIO_InitStruct);
 195              		.loc 1 154 3 is_stmt 1 view .LVU61
 196 00c8 05A9     		add	r1, sp, #20
 197 00ca 3846     		mov	r0, r7
 198 00cc FFF7FEFF 		bl	HAL_GPIO_Init
 199              	.LVL6:
 155:Core/Src/main.c **** 
 156:Core/Src/main.c ****   /*Configure GPIO pin : PB6 */
 157:Core/Src/main.c ****   GPIO_InitStruct.Pin = GPIO_PIN_6;
 200              		.loc 1 157 3 view .LVU62
 201              		.loc 1 157 23 is_stmt 0 view .LVU63
 202 00d0 4023     		movs	r3, #64
 203 00d2 0593     		str	r3, [sp, #20]
 158:Core/Src/main.c ****   GPIO_InitStruct.Mode = GPIO_MODE_OUTPUT_PP;
 204              		.loc 1 158 3 is_stmt 1 view .LVU64
 205              		.loc 1 158 24 is_stmt 0 view .LVU65
 206 00d4 0696     		str	r6, [sp, #24]
 159:Core/Src/main.c ****   GPIO_InitStruct.Pull = GPIO_NOPULL;
 207              		.loc 1 159 3 is_stmt 1 view .LVU66
 208              		.loc 1 159 24 is_stmt 0 view .LVU67
 209 00d6 0794     		str	r4, [sp, #28]
 160:Core/Src/main.c ****   GPIO_InitStruct.Speed = GPIO_SPEED_FREQ_LOW;
 210              		.loc 1 160 3 is_stmt 1 view .LVU68
 211              		.loc 1 160 25 is_stmt 0 view .LVU69
 212 00d8 0894     		str	r4, [sp, #32]
 161:Core/Src/main.c ****   HAL_GPIO_Init(GPIOB, &GPIO_InitStruct);
 213              		.loc 1 161 3 is_stmt 1 view .LVU70
 214 00da 05A9     		add	r1, sp, #20
 215 00dc 2846     		mov	r0, r5
 216 00de FFF7FEFF 		bl	HAL_GPIO_Init
 217              	.LVL7:
 162:Core/Src/main.c **** 
 163:Core/Src/main.c **** }
 218              		.loc 1 163 1 is_stmt 0 view .LVU71
 219 00e2 0BB0     		add	sp, sp, #44
 220              	.LCFI2:
 221              		.cfi_def_cfa_offset 20
 222              		@ sp needed
 223 00e4 F0BD     		pop	{r4, r5, r6, r7, pc}
 224              	.L4:
 225 00e6 00BF     		.align	2
 226              	.L3:
 227 00e8 00100240 		.word	1073876992
 228 00ec 00080048 		.word	1207961600
 229 00f0 00040048 		.word	1207960576
 230              		.cfi_endproc
 231              	.LFE134:
 233              		.section	.text.Error_Handler,"ax",%progbits
 234              		.align	1
 235              		.global	Error_Handler
 236              		.syntax unified
 237              		.thumb
 238              		.thumb_func
ARM GAS  /tmp/ccC2Spay.s 			page 8


 239              		.fpu fpv4-sp-d16
 241              	Error_Handler:
 242              	.LFB135:
 164:Core/Src/main.c **** 
 165:Core/Src/main.c **** /* USER CODE BEGIN 4 */
 166:Core/Src/main.c **** 
 167:Core/Src/main.c **** /* USER CODE END 4 */
 168:Core/Src/main.c **** 
 169:Core/Src/main.c **** /**
 170:Core/Src/main.c ****   * @brief  This function is executed in case of error occurrence.
 171:Core/Src/main.c ****   * @retval None
 172:Core/Src/main.c ****   */
 173:Core/Src/main.c **** void Error_Handler(void)
 174:Core/Src/main.c **** {
 243              		.loc 1 174 1 is_stmt 1 view -0
 244              		.cfi_startproc
 245              		@ Volatile: function does not return.
 246              		@ args = 0, pretend = 0, frame = 0
 247              		@ frame_needed = 0, uses_anonymous_args = 0
 248              		@ link register save eliminated.
 175:Core/Src/main.c ****   /* USER CODE BEGIN Error_Handler_Debug */
 176:Core/Src/main.c ****   /* User can add his own implementation to report the HAL error return state */
 177:Core/Src/main.c ****   __disable_irq();
 249              		.loc 1 177 3 view .LVU73
 250              	.LBB8:
 251              	.LBI8:
 252              		.file 2 "Drivers/CMSIS/Include/cmsis_gcc.h"
   1:Drivers/CMSIS/Include/cmsis_gcc.h **** /**************************************************************************//**
   2:Drivers/CMSIS/Include/cmsis_gcc.h ****  * @file     cmsis_gcc.h
   3:Drivers/CMSIS/Include/cmsis_gcc.h ****  * @brief    CMSIS compiler GCC header file
   4:Drivers/CMSIS/Include/cmsis_gcc.h ****  * @version  V5.2.0
   5:Drivers/CMSIS/Include/cmsis_gcc.h ****  * @date     08. May 2019
   6:Drivers/CMSIS/Include/cmsis_gcc.h ****  ******************************************************************************/
   7:Drivers/CMSIS/Include/cmsis_gcc.h **** /*
   8:Drivers/CMSIS/Include/cmsis_gcc.h ****  * Copyright (c) 2009-2019 Arm Limited. All rights reserved.
   9:Drivers/CMSIS/Include/cmsis_gcc.h ****  *
  10:Drivers/CMSIS/Include/cmsis_gcc.h ****  * SPDX-License-Identifier: Apache-2.0
  11:Drivers/CMSIS/Include/cmsis_gcc.h ****  *
  12:Drivers/CMSIS/Include/cmsis_gcc.h ****  * Licensed under the Apache License, Version 2.0 (the License); you may
  13:Drivers/CMSIS/Include/cmsis_gcc.h ****  * not use this file except in compliance with the License.
  14:Drivers/CMSIS/Include/cmsis_gcc.h ****  * You may obtain a copy of the License at
  15:Drivers/CMSIS/Include/cmsis_gcc.h ****  *
  16:Drivers/CMSIS/Include/cmsis_gcc.h ****  * www.apache.org/licenses/LICENSE-2.0
  17:Drivers/CMSIS/Include/cmsis_gcc.h ****  *
  18:Drivers/CMSIS/Include/cmsis_gcc.h ****  * Unless required by applicable law or agreed to in writing, software
  19:Drivers/CMSIS/Include/cmsis_gcc.h ****  * distributed under the License is distributed on an AS IS BASIS, WITHOUT
  20:Drivers/CMSIS/Include/cmsis_gcc.h ****  * WARRANTIES OR CONDITIONS OF ANY KIND, either express or implied.
  21:Drivers/CMSIS/Include/cmsis_gcc.h ****  * See the License for the specific language governing permissions and
  22:Drivers/CMSIS/Include/cmsis_gcc.h ****  * limitations under the License.
  23:Drivers/CMSIS/Include/cmsis_gcc.h ****  */
  24:Drivers/CMSIS/Include/cmsis_gcc.h **** 
  25:Drivers/CMSIS/Include/cmsis_gcc.h **** #ifndef __CMSIS_GCC_H
  26:Drivers/CMSIS/Include/cmsis_gcc.h **** #define __CMSIS_GCC_H
  27:Drivers/CMSIS/Include/cmsis_gcc.h **** 
  28:Drivers/CMSIS/Include/cmsis_gcc.h **** /* ignore some GCC warnings */
  29:Drivers/CMSIS/Include/cmsis_gcc.h **** #pragma GCC diagnostic push
  30:Drivers/CMSIS/Include/cmsis_gcc.h **** #pragma GCC diagnostic ignored "-Wsign-conversion"
ARM GAS  /tmp/ccC2Spay.s 			page 9


  31:Drivers/CMSIS/Include/cmsis_gcc.h **** #pragma GCC diagnostic ignored "-Wconversion"
  32:Drivers/CMSIS/Include/cmsis_gcc.h **** #pragma GCC diagnostic ignored "-Wunused-parameter"
  33:Drivers/CMSIS/Include/cmsis_gcc.h **** 
  34:Drivers/CMSIS/Include/cmsis_gcc.h **** /* Fallback for __has_builtin */
  35:Drivers/CMSIS/Include/cmsis_gcc.h **** #ifndef __has_builtin
  36:Drivers/CMSIS/Include/cmsis_gcc.h ****   #define __has_builtin(x) (0)
  37:Drivers/CMSIS/Include/cmsis_gcc.h **** #endif
  38:Drivers/CMSIS/Include/cmsis_gcc.h **** 
  39:Drivers/CMSIS/Include/cmsis_gcc.h **** /* CMSIS compiler specific defines */
  40:Drivers/CMSIS/Include/cmsis_gcc.h **** #ifndef   __ASM
  41:Drivers/CMSIS/Include/cmsis_gcc.h ****   #define __ASM                                  __asm
  42:Drivers/CMSIS/Include/cmsis_gcc.h **** #endif
  43:Drivers/CMSIS/Include/cmsis_gcc.h **** #ifndef   __INLINE
  44:Drivers/CMSIS/Include/cmsis_gcc.h ****   #define __INLINE                               inline
  45:Drivers/CMSIS/Include/cmsis_gcc.h **** #endif
  46:Drivers/CMSIS/Include/cmsis_gcc.h **** #ifndef   __STATIC_INLINE
  47:Drivers/CMSIS/Include/cmsis_gcc.h ****   #define __STATIC_INLINE                        static inline
  48:Drivers/CMSIS/Include/cmsis_gcc.h **** #endif
  49:Drivers/CMSIS/Include/cmsis_gcc.h **** #ifndef   __STATIC_FORCEINLINE                 
  50:Drivers/CMSIS/Include/cmsis_gcc.h ****   #define __STATIC_FORCEINLINE                   __attribute__((always_inline)) static inline
  51:Drivers/CMSIS/Include/cmsis_gcc.h **** #endif                                           
  52:Drivers/CMSIS/Include/cmsis_gcc.h **** #ifndef   __NO_RETURN
  53:Drivers/CMSIS/Include/cmsis_gcc.h ****   #define __NO_RETURN                            __attribute__((__noreturn__))
  54:Drivers/CMSIS/Include/cmsis_gcc.h **** #endif
  55:Drivers/CMSIS/Include/cmsis_gcc.h **** #ifndef   __USED
  56:Drivers/CMSIS/Include/cmsis_gcc.h ****   #define __USED                                 __attribute__((used))
  57:Drivers/CMSIS/Include/cmsis_gcc.h **** #endif
  58:Drivers/CMSIS/Include/cmsis_gcc.h **** #ifndef   __WEAK
  59:Drivers/CMSIS/Include/cmsis_gcc.h ****   #define __WEAK                                 __attribute__((weak))
  60:Drivers/CMSIS/Include/cmsis_gcc.h **** #endif
  61:Drivers/CMSIS/Include/cmsis_gcc.h **** #ifndef   __PACKED
  62:Drivers/CMSIS/Include/cmsis_gcc.h ****   #define __PACKED                               __attribute__((packed, aligned(1)))
  63:Drivers/CMSIS/Include/cmsis_gcc.h **** #endif
  64:Drivers/CMSIS/Include/cmsis_gcc.h **** #ifndef   __PACKED_STRUCT
  65:Drivers/CMSIS/Include/cmsis_gcc.h ****   #define __PACKED_STRUCT                        struct __attribute__((packed, aligned(1)))
  66:Drivers/CMSIS/Include/cmsis_gcc.h **** #endif
  67:Drivers/CMSIS/Include/cmsis_gcc.h **** #ifndef   __PACKED_UNION
  68:Drivers/CMSIS/Include/cmsis_gcc.h ****   #define __PACKED_UNION                         union __attribute__((packed, aligned(1)))
  69:Drivers/CMSIS/Include/cmsis_gcc.h **** #endif
  70:Drivers/CMSIS/Include/cmsis_gcc.h **** #ifndef   __UNALIGNED_UINT32        /* deprecated */
  71:Drivers/CMSIS/Include/cmsis_gcc.h ****   #pragma GCC diagnostic push
  72:Drivers/CMSIS/Include/cmsis_gcc.h ****   #pragma GCC diagnostic ignored "-Wpacked"
  73:Drivers/CMSIS/Include/cmsis_gcc.h ****   #pragma GCC diagnostic ignored "-Wattributes"
  74:Drivers/CMSIS/Include/cmsis_gcc.h ****   struct __attribute__((packed)) T_UINT32 { uint32_t v; };
  75:Drivers/CMSIS/Include/cmsis_gcc.h ****   #pragma GCC diagnostic pop
  76:Drivers/CMSIS/Include/cmsis_gcc.h ****   #define __UNALIGNED_UINT32(x)                  (((struct T_UINT32 *)(x))->v)
  77:Drivers/CMSIS/Include/cmsis_gcc.h **** #endif
  78:Drivers/CMSIS/Include/cmsis_gcc.h **** #ifndef   __UNALIGNED_UINT16_WRITE
  79:Drivers/CMSIS/Include/cmsis_gcc.h ****   #pragma GCC diagnostic push
  80:Drivers/CMSIS/Include/cmsis_gcc.h ****   #pragma GCC diagnostic ignored "-Wpacked"
  81:Drivers/CMSIS/Include/cmsis_gcc.h ****   #pragma GCC diagnostic ignored "-Wattributes"
  82:Drivers/CMSIS/Include/cmsis_gcc.h ****   __PACKED_STRUCT T_UINT16_WRITE { uint16_t v; };
  83:Drivers/CMSIS/Include/cmsis_gcc.h ****   #pragma GCC diagnostic pop
  84:Drivers/CMSIS/Include/cmsis_gcc.h ****   #define __UNALIGNED_UINT16_WRITE(addr, val)    (void)((((struct T_UINT16_WRITE *)(void *)(addr))-
  85:Drivers/CMSIS/Include/cmsis_gcc.h **** #endif
  86:Drivers/CMSIS/Include/cmsis_gcc.h **** #ifndef   __UNALIGNED_UINT16_READ
  87:Drivers/CMSIS/Include/cmsis_gcc.h ****   #pragma GCC diagnostic push
ARM GAS  /tmp/ccC2Spay.s 			page 10


  88:Drivers/CMSIS/Include/cmsis_gcc.h ****   #pragma GCC diagnostic ignored "-Wpacked"
  89:Drivers/CMSIS/Include/cmsis_gcc.h ****   #pragma GCC diagnostic ignored "-Wattributes"
  90:Drivers/CMSIS/Include/cmsis_gcc.h ****   __PACKED_STRUCT T_UINT16_READ { uint16_t v; };
  91:Drivers/CMSIS/Include/cmsis_gcc.h ****   #pragma GCC diagnostic pop
  92:Drivers/CMSIS/Include/cmsis_gcc.h ****   #define __UNALIGNED_UINT16_READ(addr)          (((const struct T_UINT16_READ *)(const void *)(add
  93:Drivers/CMSIS/Include/cmsis_gcc.h **** #endif
  94:Drivers/CMSIS/Include/cmsis_gcc.h **** #ifndef   __UNALIGNED_UINT32_WRITE
  95:Drivers/CMSIS/Include/cmsis_gcc.h ****   #pragma GCC diagnostic push
  96:Drivers/CMSIS/Include/cmsis_gcc.h ****   #pragma GCC diagnostic ignored "-Wpacked"
  97:Drivers/CMSIS/Include/cmsis_gcc.h ****   #pragma GCC diagnostic ignored "-Wattributes"
  98:Drivers/CMSIS/Include/cmsis_gcc.h ****   __PACKED_STRUCT T_UINT32_WRITE { uint32_t v; };
  99:Drivers/CMSIS/Include/cmsis_gcc.h ****   #pragma GCC diagnostic pop
 100:Drivers/CMSIS/Include/cmsis_gcc.h ****   #define __UNALIGNED_UINT32_WRITE(addr, val)    (void)((((struct T_UINT32_WRITE *)(void *)(addr))-
 101:Drivers/CMSIS/Include/cmsis_gcc.h **** #endif
 102:Drivers/CMSIS/Include/cmsis_gcc.h **** #ifndef   __UNALIGNED_UINT32_READ
 103:Drivers/CMSIS/Include/cmsis_gcc.h ****   #pragma GCC diagnostic push
 104:Drivers/CMSIS/Include/cmsis_gcc.h ****   #pragma GCC diagnostic ignored "-Wpacked"
 105:Drivers/CMSIS/Include/cmsis_gcc.h ****   #pragma GCC diagnostic ignored "-Wattributes"
 106:Drivers/CMSIS/Include/cmsis_gcc.h ****   __PACKED_STRUCT T_UINT32_READ { uint32_t v; };
 107:Drivers/CMSIS/Include/cmsis_gcc.h ****   #pragma GCC diagnostic pop
 108:Drivers/CMSIS/Include/cmsis_gcc.h ****   #define __UNALIGNED_UINT32_READ(addr)          (((const struct T_UINT32_READ *)(const void *)(add
 109:Drivers/CMSIS/Include/cmsis_gcc.h **** #endif
 110:Drivers/CMSIS/Include/cmsis_gcc.h **** #ifndef   __ALIGNED
 111:Drivers/CMSIS/Include/cmsis_gcc.h ****   #define __ALIGNED(x)                           __attribute__((aligned(x)))
 112:Drivers/CMSIS/Include/cmsis_gcc.h **** #endif
 113:Drivers/CMSIS/Include/cmsis_gcc.h **** #ifndef   __RESTRICT
 114:Drivers/CMSIS/Include/cmsis_gcc.h ****   #define __RESTRICT                             __restrict
 115:Drivers/CMSIS/Include/cmsis_gcc.h **** #endif
 116:Drivers/CMSIS/Include/cmsis_gcc.h **** #ifndef   __COMPILER_BARRIER
 117:Drivers/CMSIS/Include/cmsis_gcc.h ****   #define __COMPILER_BARRIER()                   __ASM volatile("":::"memory")
 118:Drivers/CMSIS/Include/cmsis_gcc.h **** #endif
 119:Drivers/CMSIS/Include/cmsis_gcc.h **** 
 120:Drivers/CMSIS/Include/cmsis_gcc.h **** /* #########################  Startup and Lowlevel Init  ######################## */
 121:Drivers/CMSIS/Include/cmsis_gcc.h **** 
 122:Drivers/CMSIS/Include/cmsis_gcc.h **** #ifndef __PROGRAM_START
 123:Drivers/CMSIS/Include/cmsis_gcc.h **** 
 124:Drivers/CMSIS/Include/cmsis_gcc.h **** /**
 125:Drivers/CMSIS/Include/cmsis_gcc.h ****   \brief   Initializes data and bss sections
 126:Drivers/CMSIS/Include/cmsis_gcc.h ****   \details This default implementations initialized all data and additional bss
 127:Drivers/CMSIS/Include/cmsis_gcc.h ****            sections relying on .copy.table and .zero.table specified properly
 128:Drivers/CMSIS/Include/cmsis_gcc.h ****            in the used linker script.
 129:Drivers/CMSIS/Include/cmsis_gcc.h ****   
 130:Drivers/CMSIS/Include/cmsis_gcc.h ****  */
 131:Drivers/CMSIS/Include/cmsis_gcc.h **** __STATIC_FORCEINLINE __NO_RETURN void __cmsis_start(void)
 132:Drivers/CMSIS/Include/cmsis_gcc.h **** {
 133:Drivers/CMSIS/Include/cmsis_gcc.h ****   extern void _start(void) __NO_RETURN;
 134:Drivers/CMSIS/Include/cmsis_gcc.h ****   
 135:Drivers/CMSIS/Include/cmsis_gcc.h ****   typedef struct {
 136:Drivers/CMSIS/Include/cmsis_gcc.h ****     uint32_t const* src;
 137:Drivers/CMSIS/Include/cmsis_gcc.h ****     uint32_t* dest;
 138:Drivers/CMSIS/Include/cmsis_gcc.h ****     uint32_t  wlen;
 139:Drivers/CMSIS/Include/cmsis_gcc.h ****   } __copy_table_t;
 140:Drivers/CMSIS/Include/cmsis_gcc.h ****   
 141:Drivers/CMSIS/Include/cmsis_gcc.h ****   typedef struct {
 142:Drivers/CMSIS/Include/cmsis_gcc.h ****     uint32_t* dest;
 143:Drivers/CMSIS/Include/cmsis_gcc.h ****     uint32_t  wlen;
 144:Drivers/CMSIS/Include/cmsis_gcc.h ****   } __zero_table_t;
ARM GAS  /tmp/ccC2Spay.s 			page 11


 145:Drivers/CMSIS/Include/cmsis_gcc.h ****   
 146:Drivers/CMSIS/Include/cmsis_gcc.h ****   extern const __copy_table_t __copy_table_start__;
 147:Drivers/CMSIS/Include/cmsis_gcc.h ****   extern const __copy_table_t __copy_table_end__;
 148:Drivers/CMSIS/Include/cmsis_gcc.h ****   extern const __zero_table_t __zero_table_start__;
 149:Drivers/CMSIS/Include/cmsis_gcc.h ****   extern const __zero_table_t __zero_table_end__;
 150:Drivers/CMSIS/Include/cmsis_gcc.h **** 
 151:Drivers/CMSIS/Include/cmsis_gcc.h ****   for (__copy_table_t const* pTable = &__copy_table_start__; pTable < &__copy_table_end__; ++pTable
 152:Drivers/CMSIS/Include/cmsis_gcc.h ****     for(uint32_t i=0u; i<pTable->wlen; ++i) {
 153:Drivers/CMSIS/Include/cmsis_gcc.h ****       pTable->dest[i] = pTable->src[i];
 154:Drivers/CMSIS/Include/cmsis_gcc.h ****     }
 155:Drivers/CMSIS/Include/cmsis_gcc.h ****   }
 156:Drivers/CMSIS/Include/cmsis_gcc.h ****  
 157:Drivers/CMSIS/Include/cmsis_gcc.h ****   for (__zero_table_t const* pTable = &__zero_table_start__; pTable < &__zero_table_end__; ++pTable
 158:Drivers/CMSIS/Include/cmsis_gcc.h ****     for(uint32_t i=0u; i<pTable->wlen; ++i) {
 159:Drivers/CMSIS/Include/cmsis_gcc.h ****       pTable->dest[i] = 0u;
 160:Drivers/CMSIS/Include/cmsis_gcc.h ****     }
 161:Drivers/CMSIS/Include/cmsis_gcc.h ****   }
 162:Drivers/CMSIS/Include/cmsis_gcc.h ****  
 163:Drivers/CMSIS/Include/cmsis_gcc.h ****   _start();
 164:Drivers/CMSIS/Include/cmsis_gcc.h **** }
 165:Drivers/CMSIS/Include/cmsis_gcc.h ****   
 166:Drivers/CMSIS/Include/cmsis_gcc.h **** #define __PROGRAM_START           __cmsis_start
 167:Drivers/CMSIS/Include/cmsis_gcc.h **** #endif
 168:Drivers/CMSIS/Include/cmsis_gcc.h **** 
 169:Drivers/CMSIS/Include/cmsis_gcc.h **** #ifndef __INITIAL_SP
 170:Drivers/CMSIS/Include/cmsis_gcc.h **** #define __INITIAL_SP              __StackTop
 171:Drivers/CMSIS/Include/cmsis_gcc.h **** #endif
 172:Drivers/CMSIS/Include/cmsis_gcc.h **** 
 173:Drivers/CMSIS/Include/cmsis_gcc.h **** #ifndef __STACK_LIMIT
 174:Drivers/CMSIS/Include/cmsis_gcc.h **** #define __STACK_LIMIT             __StackLimit
 175:Drivers/CMSIS/Include/cmsis_gcc.h **** #endif
 176:Drivers/CMSIS/Include/cmsis_gcc.h **** 
 177:Drivers/CMSIS/Include/cmsis_gcc.h **** #ifndef __VECTOR_TABLE
 178:Drivers/CMSIS/Include/cmsis_gcc.h **** #define __VECTOR_TABLE            __Vectors
 179:Drivers/CMSIS/Include/cmsis_gcc.h **** #endif
 180:Drivers/CMSIS/Include/cmsis_gcc.h **** 
 181:Drivers/CMSIS/Include/cmsis_gcc.h **** #ifndef __VECTOR_TABLE_ATTRIBUTE
 182:Drivers/CMSIS/Include/cmsis_gcc.h **** #define __VECTOR_TABLE_ATTRIBUTE  __attribute((used, section(".vectors")))
 183:Drivers/CMSIS/Include/cmsis_gcc.h **** #endif
 184:Drivers/CMSIS/Include/cmsis_gcc.h **** 
 185:Drivers/CMSIS/Include/cmsis_gcc.h **** /* ###########################  Core Function Access  ########################### */
 186:Drivers/CMSIS/Include/cmsis_gcc.h **** /** \ingroup  CMSIS_Core_FunctionInterface
 187:Drivers/CMSIS/Include/cmsis_gcc.h ****     \defgroup CMSIS_Core_RegAccFunctions CMSIS Core Register Access Functions
 188:Drivers/CMSIS/Include/cmsis_gcc.h ****   @{
 189:Drivers/CMSIS/Include/cmsis_gcc.h ****  */
 190:Drivers/CMSIS/Include/cmsis_gcc.h **** 
 191:Drivers/CMSIS/Include/cmsis_gcc.h **** /**
 192:Drivers/CMSIS/Include/cmsis_gcc.h ****   \brief   Enable IRQ Interrupts
 193:Drivers/CMSIS/Include/cmsis_gcc.h ****   \details Enables IRQ interrupts by clearing the I-bit in the CPSR.
 194:Drivers/CMSIS/Include/cmsis_gcc.h ****            Can only be executed in Privileged modes.
 195:Drivers/CMSIS/Include/cmsis_gcc.h ****  */
 196:Drivers/CMSIS/Include/cmsis_gcc.h **** __STATIC_FORCEINLINE void __enable_irq(void)
 197:Drivers/CMSIS/Include/cmsis_gcc.h **** {
 198:Drivers/CMSIS/Include/cmsis_gcc.h ****   __ASM volatile ("cpsie i" : : : "memory");
 199:Drivers/CMSIS/Include/cmsis_gcc.h **** }
 200:Drivers/CMSIS/Include/cmsis_gcc.h **** 
 201:Drivers/CMSIS/Include/cmsis_gcc.h **** 
ARM GAS  /tmp/ccC2Spay.s 			page 12


 202:Drivers/CMSIS/Include/cmsis_gcc.h **** /**
 203:Drivers/CMSIS/Include/cmsis_gcc.h ****   \brief   Disable IRQ Interrupts
 204:Drivers/CMSIS/Include/cmsis_gcc.h ****   \details Disables IRQ interrupts by setting the I-bit in the CPSR.
 205:Drivers/CMSIS/Include/cmsis_gcc.h ****            Can only be executed in Privileged modes.
 206:Drivers/CMSIS/Include/cmsis_gcc.h ****  */
 207:Drivers/CMSIS/Include/cmsis_gcc.h **** __STATIC_FORCEINLINE void __disable_irq(void)
 253              		.loc 2 207 27 view .LVU74
 254              	.LBB9:
 208:Drivers/CMSIS/Include/cmsis_gcc.h **** {
 209:Drivers/CMSIS/Include/cmsis_gcc.h ****   __ASM volatile ("cpsid i" : : : "memory");
 255              		.loc 2 209 3 view .LVU75
 256              		.syntax unified
 257              	@ 209 "Drivers/CMSIS/Include/cmsis_gcc.h" 1
 258 0000 72B6     		cpsid i
 259              	@ 0 "" 2
 260              		.thumb
 261              		.syntax unified
 262              	.L6:
 263              	.LBE9:
 264              	.LBE8:
 178:Core/Src/main.c ****   while (1)
 265              		.loc 1 178 3 discriminator 1 view .LVU76
 179:Core/Src/main.c ****   {
 180:Core/Src/main.c ****   }
 266              		.loc 1 180 3 discriminator 1 view .LVU77
 178:Core/Src/main.c ****   while (1)
 267              		.loc 1 178 9 discriminator 1 view .LVU78
 268 0002 FEE7     		b	.L6
 269              		.cfi_endproc
 270              	.LFE135:
 272              		.section	.text.SystemClock_Config,"ax",%progbits
 273              		.align	1
 274              		.global	SystemClock_Config
 275              		.syntax unified
 276              		.thumb
 277              		.thumb_func
 278              		.fpu fpv4-sp-d16
 280              	SystemClock_Config:
 281              	.LFB133:
  65:Core/Src/main.c ****   RCC_OscInitTypeDef RCC_OscInitStruct = {0};
 282              		.loc 1 65 1 view -0
 283              		.cfi_startproc
 284              		@ args = 0, pretend = 0, frame = 80
 285              		@ frame_needed = 0, uses_anonymous_args = 0
 286 0000 00B5     		push	{lr}
 287              	.LCFI3:
 288              		.cfi_def_cfa_offset 4
 289              		.cfi_offset 14, -4
 290 0002 95B0     		sub	sp, sp, #84
 291              	.LCFI4:
 292              		.cfi_def_cfa_offset 88
  66:Core/Src/main.c ****   RCC_ClkInitTypeDef RCC_ClkInitStruct = {0};
 293              		.loc 1 66 3 view .LVU80
  66:Core/Src/main.c ****   RCC_ClkInitTypeDef RCC_ClkInitStruct = {0};
 294              		.loc 1 66 22 is_stmt 0 view .LVU81
 295 0004 3822     		movs	r2, #56
 296 0006 0021     		movs	r1, #0
ARM GAS  /tmp/ccC2Spay.s 			page 13


 297 0008 06A8     		add	r0, sp, #24
 298 000a FFF7FEFF 		bl	memset
 299              	.LVL8:
  67:Core/Src/main.c **** 
 300              		.loc 1 67 3 is_stmt 1 view .LVU82
  67:Core/Src/main.c **** 
 301              		.loc 1 67 22 is_stmt 0 view .LVU83
 302 000e 0023     		movs	r3, #0
 303 0010 0193     		str	r3, [sp, #4]
 304 0012 0293     		str	r3, [sp, #8]
 305 0014 0393     		str	r3, [sp, #12]
 306 0016 0493     		str	r3, [sp, #16]
 307 0018 0593     		str	r3, [sp, #20]
  71:Core/Src/main.c **** 
 308              		.loc 1 71 3 is_stmt 1 view .LVU84
 309 001a 4FF40070 		mov	r0, #512
 310 001e FFF7FEFF 		bl	HAL_PWREx_ControlVoltageScaling
 311              	.LVL9:
  76:Core/Src/main.c ****   RCC_OscInitStruct.HSIState = RCC_HSI_ON;
 312              		.loc 1 76 3 view .LVU85
  76:Core/Src/main.c ****   RCC_OscInitStruct.HSIState = RCC_HSI_ON;
 313              		.loc 1 76 36 is_stmt 0 view .LVU86
 314 0022 0223     		movs	r3, #2
 315 0024 0693     		str	r3, [sp, #24]
  77:Core/Src/main.c ****   RCC_OscInitStruct.HSICalibrationValue = RCC_HSICALIBRATION_DEFAULT;
 316              		.loc 1 77 3 is_stmt 1 view .LVU87
  77:Core/Src/main.c ****   RCC_OscInitStruct.HSICalibrationValue = RCC_HSICALIBRATION_DEFAULT;
 317              		.loc 1 77 30 is_stmt 0 view .LVU88
 318 0026 4FF48072 		mov	r2, #256
 319 002a 0992     		str	r2, [sp, #36]
  78:Core/Src/main.c ****   RCC_OscInitStruct.PLL.PLLState = RCC_PLL_ON;
 320              		.loc 1 78 3 is_stmt 1 view .LVU89
  78:Core/Src/main.c ****   RCC_OscInitStruct.PLL.PLLState = RCC_PLL_ON;
 321              		.loc 1 78 41 is_stmt 0 view .LVU90
 322 002c 4022     		movs	r2, #64
 323 002e 0A92     		str	r2, [sp, #40]
  79:Core/Src/main.c ****   RCC_OscInitStruct.PLL.PLLSource = RCC_PLLSOURCE_HSI;
 324              		.loc 1 79 3 is_stmt 1 view .LVU91
  79:Core/Src/main.c ****   RCC_OscInitStruct.PLL.PLLSource = RCC_PLLSOURCE_HSI;
 325              		.loc 1 79 34 is_stmt 0 view .LVU92
 326 0030 0D93     		str	r3, [sp, #52]
  80:Core/Src/main.c ****   RCC_OscInitStruct.PLL.PLLM = RCC_PLLM_DIV2;
 327              		.loc 1 80 3 is_stmt 1 view .LVU93
  80:Core/Src/main.c ****   RCC_OscInitStruct.PLL.PLLM = RCC_PLLM_DIV2;
 328              		.loc 1 80 35 is_stmt 0 view .LVU94
 329 0032 0E93     		str	r3, [sp, #56]
  81:Core/Src/main.c ****   RCC_OscInitStruct.PLL.PLLN = 25;
 330              		.loc 1 81 3 is_stmt 1 view .LVU95
  81:Core/Src/main.c ****   RCC_OscInitStruct.PLL.PLLN = 25;
 331              		.loc 1 81 30 is_stmt 0 view .LVU96
 332 0034 0F93     		str	r3, [sp, #60]
  82:Core/Src/main.c ****   RCC_OscInitStruct.PLL.PLLP = RCC_PLLP_DIV2;
 333              		.loc 1 82 3 is_stmt 1 view .LVU97
  82:Core/Src/main.c ****   RCC_OscInitStruct.PLL.PLLP = RCC_PLLP_DIV2;
 334              		.loc 1 82 30 is_stmt 0 view .LVU98
 335 0036 1922     		movs	r2, #25
 336 0038 1092     		str	r2, [sp, #64]
ARM GAS  /tmp/ccC2Spay.s 			page 14


  83:Core/Src/main.c ****   RCC_OscInitStruct.PLL.PLLQ = RCC_PLLQ_DIV2;
 337              		.loc 1 83 3 is_stmt 1 view .LVU99
  83:Core/Src/main.c ****   RCC_OscInitStruct.PLL.PLLQ = RCC_PLLQ_DIV2;
 338              		.loc 1 83 30 is_stmt 0 view .LVU100
 339 003a 1193     		str	r3, [sp, #68]
  84:Core/Src/main.c ****   RCC_OscInitStruct.PLL.PLLR = RCC_PLLR_DIV2;
 340              		.loc 1 84 3 is_stmt 1 view .LVU101
  84:Core/Src/main.c ****   RCC_OscInitStruct.PLL.PLLR = RCC_PLLR_DIV2;
 341              		.loc 1 84 30 is_stmt 0 view .LVU102
 342 003c 1293     		str	r3, [sp, #72]
  85:Core/Src/main.c ****   if (HAL_RCC_OscConfig(&RCC_OscInitStruct) != HAL_OK)
 343              		.loc 1 85 3 is_stmt 1 view .LVU103
  85:Core/Src/main.c ****   if (HAL_RCC_OscConfig(&RCC_OscInitStruct) != HAL_OK)
 344              		.loc 1 85 30 is_stmt 0 view .LVU104
 345 003e 1393     		str	r3, [sp, #76]
  86:Core/Src/main.c ****   {
 346              		.loc 1 86 3 is_stmt 1 view .LVU105
  86:Core/Src/main.c ****   {
 347              		.loc 1 86 7 is_stmt 0 view .LVU106
 348 0040 06A8     		add	r0, sp, #24
 349 0042 FFF7FEFF 		bl	HAL_RCC_OscConfig
 350              	.LVL10:
  86:Core/Src/main.c ****   {
 351              		.loc 1 86 6 view .LVU107
 352 0046 70B9     		cbnz	r0, .L11
  93:Core/Src/main.c ****                               |RCC_CLOCKTYPE_PCLK1|RCC_CLOCKTYPE_PCLK2;
 353              		.loc 1 93 3 is_stmt 1 view .LVU108
  93:Core/Src/main.c ****                               |RCC_CLOCKTYPE_PCLK1|RCC_CLOCKTYPE_PCLK2;
 354              		.loc 1 93 31 is_stmt 0 view .LVU109
 355 0048 0F23     		movs	r3, #15
 356 004a 0193     		str	r3, [sp, #4]
  95:Core/Src/main.c ****   RCC_ClkInitStruct.AHBCLKDivider = RCC_SYSCLK_DIV1;
 357              		.loc 1 95 3 is_stmt 1 view .LVU110
  95:Core/Src/main.c ****   RCC_ClkInitStruct.AHBCLKDivider = RCC_SYSCLK_DIV1;
 358              		.loc 1 95 34 is_stmt 0 view .LVU111
 359 004c 0321     		movs	r1, #3
 360 004e 0291     		str	r1, [sp, #8]
  96:Core/Src/main.c ****   RCC_ClkInitStruct.APB1CLKDivider = RCC_HCLK_DIV1;
 361              		.loc 1 96 3 is_stmt 1 view .LVU112
  96:Core/Src/main.c ****   RCC_ClkInitStruct.APB1CLKDivider = RCC_HCLK_DIV1;
 362              		.loc 1 96 35 is_stmt 0 view .LVU113
 363 0050 0023     		movs	r3, #0
 364 0052 0393     		str	r3, [sp, #12]
  97:Core/Src/main.c ****   RCC_ClkInitStruct.APB2CLKDivider = RCC_HCLK_DIV1;
 365              		.loc 1 97 3 is_stmt 1 view .LVU114
  97:Core/Src/main.c ****   RCC_ClkInitStruct.APB2CLKDivider = RCC_HCLK_DIV1;
 366              		.loc 1 97 36 is_stmt 0 view .LVU115
 367 0054 0493     		str	r3, [sp, #16]
  98:Core/Src/main.c **** 
 368              		.loc 1 98 3 is_stmt 1 view .LVU116
  98:Core/Src/main.c **** 
 369              		.loc 1 98 36 is_stmt 0 view .LVU117
 370 0056 0593     		str	r3, [sp, #20]
 100:Core/Src/main.c ****   {
 371              		.loc 1 100 3 is_stmt 1 view .LVU118
 100:Core/Src/main.c ****   {
 372              		.loc 1 100 7 is_stmt 0 view .LVU119
ARM GAS  /tmp/ccC2Spay.s 			page 15


 373 0058 01A8     		add	r0, sp, #4
 374 005a FFF7FEFF 		bl	HAL_RCC_ClockConfig
 375              	.LVL11:
 100:Core/Src/main.c ****   {
 376              		.loc 1 100 6 view .LVU120
 377 005e 20B9     		cbnz	r0, .L12
 104:Core/Src/main.c **** 
 378              		.loc 1 104 1 view .LVU121
 379 0060 15B0     		add	sp, sp, #84
 380              	.LCFI5:
 381              		.cfi_remember_state
 382              		.cfi_def_cfa_offset 4
 383              		@ sp needed
 384 0062 5DF804FB 		ldr	pc, [sp], #4
 385              	.L11:
 386              	.LCFI6:
 387              		.cfi_restore_state
  88:Core/Src/main.c ****   }
 388              		.loc 1 88 5 is_stmt 1 view .LVU122
 389 0066 FFF7FEFF 		bl	Error_Handler
 390              	.LVL12:
 391              	.L12:
 102:Core/Src/main.c ****   }
 392              		.loc 1 102 5 view .LVU123
 393 006a FFF7FEFF 		bl	Error_Handler
 394              	.LVL13:
 395              		.cfi_endproc
 396              	.LFE133:
 398              		.section	.text.main,"ax",%progbits
 399              		.align	1
 400              		.global	main
 401              		.syntax unified
 402              		.thumb
 403              		.thumb_func
 404              		.fpu fpv4-sp-d16
 406              	main:
 407              	.LFB132:
  29:Core/Src/main.c **** 
 408              		.loc 1 29 16 view -0
 409              		.cfi_startproc
 410              		@ Volatile: function does not return.
 411              		@ args = 0, pretend = 0, frame = 0
 412              		@ frame_needed = 0, uses_anonymous_args = 0
 413 0000 08B5     		push	{r3, lr}
 414              	.LCFI7:
 415              		.cfi_def_cfa_offset 8
 416              		.cfi_offset 3, -8
 417              		.cfi_offset 14, -4
  31:Core/Src/main.c ****   SystemClock_Config();
 418              		.loc 1 31 3 view .LVU125
 419 0002 FFF7FEFF 		bl	HAL_Init
 420              	.LVL14:
  32:Core/Src/main.c ****   MX_GPIO_Init();
 421              		.loc 1 32 3 view .LVU126
 422 0006 FFF7FEFF 		bl	SystemClock_Config
 423              	.LVL15:
  33:Core/Src/main.c **** 
ARM GAS  /tmp/ccC2Spay.s 			page 16


 424              		.loc 1 33 3 view .LVU127
 425 000a FFF7FEFF 		bl	MX_GPIO_Init
 426              	.LVL16:
 427 000e 1FE0     		b	.L14
 428              	.L20:
  39:Core/Src/main.c ****         g_count--;
 429              		.loc 1 39 49 is_stmt 0 discriminator 1 view .LVU128
 430 0010 1A4A     		ldr	r2, .L22
 431 0012 1278     		ldrb	r2, [r2]	@ zero_extendqisi2
  39:Core/Src/main.c ****         g_count--;
 432              		.loc 1 39 38 discriminator 1 view .LVU129
 433 0014 3AB3     		cbz	r2, .L15
  40:Core/Src/main.c ****     } else if ( g_status != g_current_state ){
 434              		.loc 1 40 9 is_stmt 1 view .LVU130
  40:Core/Src/main.c ****     } else if ( g_status != g_current_state ){
 435              		.loc 1 40 16 is_stmt 0 view .LVU131
 436 0016 013A     		subs	r2, r2, #1
 437 0018 184B     		ldr	r3, .L22
 438 001a 1A70     		strb	r2, [r3]
 439 001c 03E0     		b	.L16
 440              	.L21:
  42:Core/Src/main.c **** 
 441              		.loc 1 42 9 is_stmt 1 view .LVU132
  42:Core/Src/main.c **** 
 442              		.loc 1 42 16 is_stmt 0 view .LVU133
 443 001e 174A     		ldr	r2, .L22
 444 0020 1378     		ldrb	r3, [r2]	@ zero_extendqisi2
 445 0022 0133     		adds	r3, r3, #1
 446 0024 1370     		strb	r3, [r2]
 447              	.L16:
  45:Core/Src/main.c ****          g_count = 0;
 448              		.loc 1 45 5 is_stmt 1 view .LVU134
  45:Core/Src/main.c ****          g_count = 0;
 449              		.loc 1 45 18 is_stmt 0 view .LVU135
 450 0026 154B     		ldr	r3, .L22
 451 0028 1A78     		ldrb	r2, [r3]	@ zero_extendqisi2
 452 002a 154B     		ldr	r3, .L22+4
 453 002c 1B88     		ldrh	r3, [r3]
  45:Core/Src/main.c ****          g_count = 0;
 454              		.loc 1 45 8 view .LVU136
 455 002e 9A42     		cmp	r2, r3
 456 0030 1CD3     		bcc	.L17
  46:Core/Src/main.c ****          g_current_state = g_status;
 457              		.loc 1 46 10 is_stmt 1 view .LVU137
  46:Core/Src/main.c ****          g_current_state = g_status;
 458              		.loc 1 46 18 is_stmt 0 view .LVU138
 459 0032 124B     		ldr	r3, .L22
 460 0034 0022     		movs	r2, #0
 461 0036 1A70     		strb	r2, [r3]
  47:Core/Src/main.c ****          HAL_GPIO_WritePin( GPIOA, GPIO_PIN_5 , 1 );
 462              		.loc 1 47 10 is_stmt 1 view .LVU139
  47:Core/Src/main.c ****          HAL_GPIO_WritePin( GPIOA, GPIO_PIN_5 , 1 );
 463              		.loc 1 47 26 is_stmt 0 view .LVU140
 464 0038 124B     		ldr	r3, .L22+8
 465 003a 1870     		strb	r0, [r3]
  48:Core/Src/main.c ****          HAL_Delay( 2000 );
 466              		.loc 1 48 10 is_stmt 1 view .LVU141
ARM GAS  /tmp/ccC2Spay.s 			page 17


 467 003c 0122     		movs	r2, #1
 468 003e 2021     		movs	r1, #32
 469 0040 4FF09040 		mov	r0, #1207959552
 470 0044 FFF7FEFF 		bl	HAL_GPIO_WritePin
 471              	.LVL17:
  49:Core/Src/main.c ****     }
 472              		.loc 1 49 10 view .LVU142
 473 0048 4FF4FA60 		mov	r0, #2000
 474 004c FFF7FEFF 		bl	HAL_Delay
 475              	.LVL18:
 476              	.L14:
  35:Core/Src/main.c ****   {
 477              		.loc 1 35 3 view .LVU143
  38:Core/Src/main.c ****     if ( g_status == g_current_state && g_count > 0 ){
 478              		.loc 1 38 5 view .LVU144
  38:Core/Src/main.c ****     if ( g_status == g_current_state && g_count > 0 ){
 479              		.loc 1 38 17 is_stmt 0 view .LVU145
 480 0050 4FF40051 		mov	r1, #8192
 481 0054 0C48     		ldr	r0, .L22+12
 482 0056 FFF7FEFF 		bl	HAL_GPIO_ReadPin
 483              	.LVL19:
  38:Core/Src/main.c ****     if ( g_status == g_current_state && g_count > 0 ){
 484              		.loc 1 38 14 view .LVU146
 485 005a 0C4B     		ldr	r3, .L22+16
 486 005c 1870     		strb	r0, [r3]
  39:Core/Src/main.c ****         g_count--;
 487              		.loc 1 39 5 is_stmt 1 view .LVU147
  39:Core/Src/main.c ****         g_count--;
 488              		.loc 1 39 19 is_stmt 0 view .LVU148
 489 005e 094B     		ldr	r3, .L22+8
 490 0060 1B78     		ldrb	r3, [r3]	@ zero_extendqisi2
  39:Core/Src/main.c ****         g_count--;
 491              		.loc 1 39 8 view .LVU149
 492 0062 9842     		cmp	r0, r3
 493 0064 D4D0     		beq	.L20
 494              	.L15:
  41:Core/Src/main.c ****         g_count++;
 495              		.loc 1 41 12 is_stmt 1 view .LVU150
  41:Core/Src/main.c ****         g_count++;
 496              		.loc 1 41 15 is_stmt 0 view .LVU151
 497 0066 9842     		cmp	r0, r3
 498 0068 D9D1     		bne	.L21
 499 006a DCE7     		b	.L16
 500              	.L17:
  52:Core/Src/main.c ****     }
 501              		.loc 1 52 7 is_stmt 1 view .LVU152
 502 006c 0022     		movs	r2, #0
 503 006e 2021     		movs	r1, #32
 504 0070 4FF09040 		mov	r0, #1207959552
 505 0074 FFF7FEFF 		bl	HAL_GPIO_WritePin
 506              	.LVL20:
 507 0078 EAE7     		b	.L14
 508              	.L23:
 509 007a 00BF     		.align	2
 510              	.L22:
 511 007c 00000000 		.word	.LANCHOR2
 512 0080 00000000 		.word	.LANCHOR3
ARM GAS  /tmp/ccC2Spay.s 			page 18


 513 0084 00000000 		.word	.LANCHOR1
 514 0088 00080048 		.word	1207961600
 515 008c 00000000 		.word	.LANCHOR0
 516              		.cfi_endproc
 517              	.LFE132:
 519              		.global	g_debounce_count
 520              		.global	g_count
 521              		.global	g_current_state
 522              		.global	g_status
 523              		.section	.bss.g_count,"aw",%nobits
 524              		.set	.LANCHOR2,. + 0
 527              	g_count:
 528 0000 00       		.space	1
 529              		.section	.bss.g_current_state,"aw",%nobits
 530              		.set	.LANCHOR1,. + 0
 533              	g_current_state:
 534 0000 00       		.space	1
 535              		.section	.bss.g_status,"aw",%nobits
 536              		.set	.LANCHOR0,. + 0
 539              	g_status:
 540 0000 00       		.space	1
 541              		.section	.data.g_debounce_count,"aw"
 542              		.align	1
 543              		.set	.LANCHOR3,. + 0
 546              	g_debounce_count:
 547 0000 6400     		.short	100
 548              		.text
 549              	.Letext0:
 550              		.file 3 "/usr/lib/gcc/arm-none-eabi/10.3.1/include/stdint.h"
 551              		.file 4 "Drivers/CMSIS/Device/ST/STM32G4xx/Include/stm32g474xx.h"
 552              		.file 5 "Drivers/STM32G4xx_HAL_Driver/Inc/stm32g4xx_hal_rcc.h"
 553              		.file 6 "Drivers/STM32G4xx_HAL_Driver/Inc/stm32g4xx_hal_gpio.h"
 554              		.file 7 "Drivers/STM32G4xx_HAL_Driver/Inc/stm32g4xx_hal_def.h"
 555              		.file 8 "Drivers/STM32G4xx_HAL_Driver/Inc/stm32g4xx_hal_pwr_ex.h"
 556              		.file 9 "Drivers/STM32G4xx_HAL_Driver/Inc/stm32g4xx_hal.h"
 557              		.file 10 "<built-in>"
ARM GAS  /tmp/ccC2Spay.s 			page 19


DEFINED SYMBOLS
                            *ABS*:0000000000000000 main.c
     /tmp/ccC2Spay.s:18     .text.MX_GPIO_Init:0000000000000000 $t
     /tmp/ccC2Spay.s:25     .text.MX_GPIO_Init:0000000000000000 MX_GPIO_Init
     /tmp/ccC2Spay.s:227    .text.MX_GPIO_Init:00000000000000e8 $d
     /tmp/ccC2Spay.s:234    .text.Error_Handler:0000000000000000 $t
     /tmp/ccC2Spay.s:241    .text.Error_Handler:0000000000000000 Error_Handler
     /tmp/ccC2Spay.s:273    .text.SystemClock_Config:0000000000000000 $t
     /tmp/ccC2Spay.s:280    .text.SystemClock_Config:0000000000000000 SystemClock_Config
     /tmp/ccC2Spay.s:399    .text.main:0000000000000000 $t
     /tmp/ccC2Spay.s:406    .text.main:0000000000000000 main
     /tmp/ccC2Spay.s:511    .text.main:000000000000007c $d
     /tmp/ccC2Spay.s:546    .data.g_debounce_count:0000000000000000 g_debounce_count
     /tmp/ccC2Spay.s:527    .bss.g_count:0000000000000000 g_count
     /tmp/ccC2Spay.s:533    .bss.g_current_state:0000000000000000 g_current_state
     /tmp/ccC2Spay.s:539    .bss.g_status:0000000000000000 g_status
     /tmp/ccC2Spay.s:528    .bss.g_count:0000000000000000 $d
     /tmp/ccC2Spay.s:534    .bss.g_current_state:0000000000000000 $d
     /tmp/ccC2Spay.s:540    .bss.g_status:0000000000000000 $d
     /tmp/ccC2Spay.s:542    .data.g_debounce_count:0000000000000000 $d

UNDEFINED SYMBOLS
HAL_GPIO_WritePin
HAL_GPIO_Init
memset
HAL_PWREx_ControlVoltageScaling
HAL_RCC_OscConfig
HAL_RCC_ClockConfig
HAL_Init
HAL_Delay
HAL_GPIO_ReadPin
